<?xml version="1.0" encoding="UTF-8"?>
<testsuite xmlns:xsi="http://www.w3.org/2001/XMLSchema-instance" xsi:noNamespaceSchemaLocation="https://maven.apache.org/surefire/maven-surefire-plugin/xsd/surefire-test-report.xsd" name="hello.ContractRestClientApplicationTest" time="0.329" tests="1" errors="1" skipped="0" failures="0">
  <properties>
[...]
</properties>
  <testcase name="initializationError" classname="hello.ContractRestClientApplicationTest" time="0.005">
    <error message="Found multiple @SpringBootConfiguration annotated classes [Generic bean: class [hello.ContractRestClientApplication]; scope=; abstract=false; lazyInit=false; autowireMode=0; dependencyCheck=0; autowireCandidate=true; primary=false; factoryBeanName=null; factoryMethodName=null; initMethodName=null; destroyMethodName=null; defined in file [/Users/danielocean/Documents/CHANGE_DOM/spring/client/target/classes/hello/ContractRestClientApplication.class], Generic bean: class [hello.ContractRestServiceApplication]; scope=; abstract=false; lazyInit=false; autowireMode=0; dependencyCheck=0; autowireCandidate=true; primary=false; factoryBeanName=null; factoryMethodName=null; initMethodName=null; destroyMethodName=null; defined in URL [jar:file:/Users/danielocean/.m2/repository/com/example/contract-rest-service/1.0/contract-rest-service-1.0.jar!/hello/ContractRestServiceApplication.class]]" type="java.lang.IllegalStateException">java.lang.IllegalStateException: Found multiple @SpringBootConfiguration annotated classes [Generic bean: class [hello.ContractRestClientApplication]; scope=; abstract=false; lazyInit=false; autowireMode=0; dependencyCheck=0; autowireCandidate=true; primary=false; factoryBeanName=null; factoryMethodName=null; initMethodName=null; destroyMethodName=null; defined in file [/Users/danielocean/Documents/CHANGE_DOM/spring/client/target/classes/hello/ContractRestClientApplication.class], Generic bean: class [hello.ContractRestServiceApplication]; scope=; abstract=false; lazyInit=false; autowireMode=0; dependencyCheck=0; autowireCandidate=true; primary=false; factoryBeanName=null; factoryMethodName=null; initMethodName=null; destroyMethodName=null; defined in URL [jar:file:/Users/danielocean/.m2/repository/com/example/contract-rest-service/1.0/contract-rest-service-1.0.jar!/hello/ContractRestServiceApplication.class]]
</error>
    <system-out><![CDATA[11:55:50.789 [main] DEBUG org.springframework.test.context.junit4.SpringJUnit4ClassRunner - SpringJUnit4ClassRunner constructor called with [class hello.ContractRestClientApplicationTest]
11:55:50.794 [main] DEBUG org.springframework.test.context.BootstrapUtils - Instantiating CacheAwareContextLoaderDelegate from class [org.springframework.test.context.cache.DefaultCacheAwareContextLoaderDelegate]
11:55:50.801 [main] DEBUG org.springframework.test.context.BootstrapUtils - Instantiating BootstrapContext using constructor [public org.springframework.test.context.support.DefaultBootstrapContext(java.lang.Class,org.springframework.test.context.CacheAwareContextLoaderDelegate)]
11:55:50.819 [main] DEBUG org.springframework.test.context.BootstrapUtils - Instantiating TestContextBootstrapper for test class [hello.ContractRestClientApplicationTest] from class [org.springframework.boot.test.context.SpringBootTestContextBootstrapper]
11:55:50.830 [main] INFO org.springframework.boot.test.context.SpringBootTestContextBootstrapper - Neither @ContextConfiguration nor @ContextHierarchy found for test class [hello.ContractRestClientApplicationTest], using SpringBootContextLoader
11:55:50.833 [main] DEBUG org.springframework.test.context.support.AbstractContextLoader - Did not detect default resource location for test class [hello.ContractRestClientApplicationTest]: class path resource [hello/ContractRestClientApplicationTest-context.xml] does not exist
11:55:50.833 [main] DEBUG org.springframework.test.context.support.AbstractContextLoader - Did not detect default resource location for test class [hello.ContractRestClientApplicationTest]: class path resource [hello/ContractRestClientApplicationTestContext.groovy] does not exist
11:55:50.833 [main] INFO org.springframework.test.context.support.AbstractContextLoader - Could not detect default resource locations for test class [hello.ContractRestClientApplicationTest]: no resource found for suffixes {-context.xml, Context.groovy}.
11:55:50.834 [main] INFO org.springframework.test.context.support.AnnotationConfigContextLoaderUtils - Could not detect default configuration classes for test class [hello.ContractRestClientApplicationTest]: ContractRestClientApplicationTest does not declare any static, non-private, non-final, nested classes annotated with @Configuration.
11:55:50.867 [main] DEBUG org.springframework.test.context.support.ActiveProfilesUtils - Could not find an 'annotation declaring class' for annotation type [org.springframework.test.context.ActiveProfiles] and class [hello.ContractRestClientApplicationTest]
11:55:50.876 [main] DEBUG org.springframework.core.env.StandardEnvironment - Adding PropertySource 'systemProperties' with lowest search precedence
11:55:50.876 [main] DEBUG org.springframework.core.env.StandardEnvironment - Adding PropertySource 'systemEnvironment' with lowest search precedence
11:55:50.877 [main] DEBUG org.springframework.core.env.StandardEnvironment - Initialized StandardEnvironment with PropertySources [MapPropertySource@852445367 {name='systemProperties', properties={java.runtime.name=Java(TM) SE Runtime Environment, sun.boot.library.path=/Library/Java/JavaVirtualMachines/jdk1.8.0_144.jdk/Contents/Home/jre/lib, java.vm.version=25.144-b01, gopherProxySet=false, java.vm.vendor=Oracle Corporation, java.vendor.url=http://java.oracle.com/, path.separator=:, java.vm.name=Java HotSpot(TM) 64-Bit Server VM, file.encoding.pkg=sun.io, user.country=US, sun.java.launcher=SUN_STANDARD, sun.os.patch.level=unknown, java.vm.specification.name=Java Virtual Machine Specification, user.dir=/Users/danielocean/Documents/CHANGE_DOM/spring/client, java.runtime.version=1.8.0_144-b01, basedir=/Users/danielocean/Documents/CHANGE_DOM/spring/client, java.awt.graphicsenv=sun.awt.CGraphicsEnvironment, java.endorsed.dirs=/Library/Java/JavaVirtualMachines/jdk1.8.0_144.jdk/Contents/Home/jre/lib/endorsed, os.arch=x86_64, surefire.real.class.path=/Users/danielocean/Documents/CHANGE_DOM/spring/client/target/surefire/surefirebooter6937369418303662739.jar, java.io.tmpdir=/var/folders/y3/qyzgw22s3s1b8fc71ryzyvw80000gn/T/, line.separator=
, java.vm.specification.vendor=Oracle Corporation, os.name=Mac OS X, sun.jnu.encoding=UTF-8, java.library.path=/Users/danielocean/Library/Java/Extensions:/Library/Java/Extensions:/Network/Library/Java/Extensions:/System/Library/Java/Extensions:/usr/lib/java:., surefire.test.class.path=/Users/danielocean/Documents/CHANGE_DOM/spring/client/target/test-classes:/Users/danielocean/Documents/CHANGE_DOM/spring/client/target/classes:/Users/danielocean/.m2/repository/org/springframework/boot/spring-boot-starter-web/2.0.2.RELEASE/spring-boot-starter-web-2.0.2.RELEASE.jar:/Users/danielocean/.m2/repository/org/springframework/boot/spring-boot-starter/2.0.2.RELEASE/spring-boot-starter-2.0.2.RELEASE.jar:/Users/danielocean/.m2/repository/org/springframework/boot/spring-boot/2.0.2.RELEASE/spring-boot-2.0.2.RELEASE.jar:/Users/danielocean/.m2/repository/org/springframework/boot/spring-boot-autoconfigure/2.0.2.RELEASE/spring-boot-autoconfigure-2.0.2.RELEASE.jar:/Users/danielocean/.m2/repository/org/springframework/boot/spring-boot-starter-logging/2.0.2.RELEASE/spring-boot-starter-logging-2.0.2.RELEASE.jar:/Users/danielocean/.m2/repository/ch/qos/logback/logback-classic/1.2.3/logback-classic-1.2.3.jar:/Users/danielocean/.m2/repository/ch/qos/logback/logback-core/1.2.3/logback-core-1.2.3.jar:/Users/danielocean/.m2/repository/org/apache/logging/log4j/log4j-to-slf4j/2.10.0/log4j-to-slf4j-2.10.0.jar:/Users/danielocean/.m2/repository/org/apache/logging/log4j/log4j-api/2.10.0/log4j-api-2.10.0.jar:/Users/danielocean/.m2/repository/org/slf4j/jul-to-slf4j/1.7.25/jul-to-slf4j-1.7.25.jar:/Users/danielocean/.m2/repository/javax/annotation/javax.annotation-api/1.3.2/javax.annotation-api-1.3.2.jar:/Users/danielocean/.m2/repository/org/yaml/snakeyaml/1.19/snakeyaml-1.19.jar:/Users/danielocean/.m2/repository/org/springframework/boot/spring-boot-starter-json/2.0.2.RELEASE/spring-boot-starter-json-2.0.2.RELEASE.jar:/Users/danielocean/.m2/repository/com/fasterxml/jackson/core/jackson-databind/2.9.5/jackson-databind-2.9.5.jar:/Users/danielocean/.m2/repository/com/fasterxml/jackson/datatype/jackson-datatype-jdk8/2.9.5/jackson-datatype-jdk8-2.9.5.jar:/Users/danielocean/.m2/repository/com/fasterxml/jackson/datatype/jackson-datatype-jsr310/2.9.5/jackson-datatype-jsr310-2.9.5.jar:/Users/danielocean/.m2/repository/com/fasterxml/jackson/module/jackson-module-parameter-names/2.9.5/jackson-module-parameter-names-2.9.5.jar:/Users/danielocean/.m2/repository/org/springframework/boot/spring-boot-starter-tomcat/2.0.2.RELEASE/spring-boot-starter-tomcat-2.0.2.RELEASE.jar:/Users/danielocean/.m2/repository/org/apache/tomcat/embed/tomcat-embed-core/8.5.31/tomcat-embed-core-8.5.31.jar:/Users/danielocean/.m2/repository/org/apache/tomcat/embed/tomcat-embed-el/8.5.31/tomcat-embed-el-8.5.31.jar:/Users/danielocean/.m2/repository/org/apache/tomcat/embed/tomcat-embed-websocket/8.5.31/tomcat-embed-websocket-8.5.31.jar:/Users/danielocean/.m2/repository/org/hibernate/validator/hibernate-validator/6.0.9.Final/hibernate-validator-6.0.9.Final.jar:/Users/danielocean/.m2/repository/javax/validation/validation-api/2.0.1.Final/validation-api-2.0.1.Final.jar:/Users/danielocean/.m2/repository/org/jboss/logging/jboss-logging/3.3.2.Final/jboss-logging-3.3.2.Final.jar:/Users/danielocean/.m2/repository/com/fasterxml/classmate/1.3.4/classmate-1.3.4.jar:/Users/danielocean/.m2/repository/org/springframework/spring-web/5.0.6.RELEASE/spring-web-5.0.6.RELEASE.jar:/Users/danielocean/.m2/repository/org/springframework/spring-beans/5.0.6.RELEASE/spring-beans-5.0.6.RELEASE.jar:/Users/danielocean/.m2/repository/org/springframework/spring-webmvc/5.0.6.RELEASE/spring-webmvc-5.0.6.RELEASE.jar:/Users/danielocean/.m2/repository/org/springframework/spring-aop/5.0.6.RELEASE/spring-aop-5.0.6.RELEASE.jar:/Users/danielocean/.m2/repository/org/springframework/spring-context/5.0.6.RELEASE/spring-context-5.0.6.RELEASE.jar:/Users/danielocean/.m2/repository/org/springframework/spring-expression/5.0.6.RELEASE/spring-expression-5.0.6.RELEASE.jar:/Users/danielocean/.m2/repository/org/springframework/boot/spring-boot-starter-test/2.0.2.RELEASE/spring-boot-starter-test-2.0.2.RELEASE.jar:/Users/danielocean/.m2/repository/org/springframework/boot/spring-boot-test/2.0.2.RELEASE/spring-boot-test-2.0.2.RELEASE.jar:/Users/danielocean/.m2/repository/org/springframework/boot/spring-boot-test-autoconfigure/2.0.2.RELEASE/spring-boot-test-autoconfigure-2.0.2.RELEASE.jar:/Users/danielocean/.m2/repository/com/jayway/jsonpath/json-path/2.4.0/json-path-2.4.0.jar:/Users/danielocean/.m2/repository/net/minidev/json-smart/2.3/json-smart-2.3.jar:/Users/danielocean/.m2/repository/net/minidev/accessors-smart/1.2/accessors-smart-1.2.jar:/Users/danielocean/.m2/repository/org/ow2/asm/asm/5.0.4/asm-5.0.4.jar:/Users/danielocean/.m2/repository/org/slf4j/slf4j-api/1.7.25/slf4j-api-1.7.25.jar:/Users/danielocean/.m2/repository/junit/junit/4.12/junit-4.12.jar:/Users/danielocean/.m2/repository/org/assertj/assertj-core/3.9.1/assertj-core-3.9.1.jar:/Users/danielocean/.m2/repository/org/mockito/mockito-core/2.15.0/mockito-core-2.15.0.jar:/Users/danielocean/.m2/repository/net/bytebuddy/byte-buddy/1.7.11/byte-buddy-1.7.11.jar:/Users/danielocean/.m2/repository/net/bytebuddy/byte-buddy-agent/1.7.11/byte-buddy-agent-1.7.11.jar:/Users/danielocean/.m2/repository/org/objenesis/objenesis/2.6/objenesis-2.6.jar:/Users/danielocean/.m2/repository/org/hamcrest/hamcrest-core/1.3/hamcrest-core-1.3.jar:/Users/danielocean/.m2/repository/org/hamcrest/hamcrest-library/1.3/hamcrest-library-1.3.jar:/Users/danielocean/.m2/repository/org/skyscreamer/jsonassert/1.5.0/jsonassert-1.5.0.jar:/Users/danielocean/.m2/repository/com/vaadin/external/google/android-json/0.0.20131108.vaadin1/android-json-0.0.20131108.vaadin1.jar:/Users/danielocean/.m2/repository/org/springframework/spring-core/5.0.6.RELEASE/spring-core-5.0.6.RELEASE.jar:/Users/danielocean/.m2/repository/org/springframework/spring-jcl/5.0.6.RELEASE/spring-jcl-5.0.6.RELEASE.jar:/Users/danielocean/.m2/repository/org/springframework/spring-test/5.0.6.RELEASE/spring-test-5.0.6.RELEASE.jar:/Users/danielocean/.m2/repository/org/xmlunit/xmlunit-core/2.5.1/xmlunit-core-2.5.1.jar:/Users/danielocean/.m2/repository/org/springframework/cloud/spring-cloud-contract-stub-runner/1.2.5.BUILD-SNAPSHOT/spring-cloud-contract-stub-runner-1.2.5.BUILD-SNAPSHOT.jar:/Users/danielocean/.m2/repository/org/springframework/cloud/spring-cloud-contract-verifier/1.2.4.RELEASE/spring-cloud-contract-verifier-1.2.4.RELEASE.jar:/Users/danielocean/.m2/repository/javax/inject/javax.inject/1/javax.inject-1.jar:/Users/danielocean/.m2/repository/com/github/tomakehurst/wiremock-standalone/2.15.0/wiremock-standalone-2.15.0.jar:/Users/danielocean/.m2/repository/com/toomuchcoding/jsonassert/jsonassert/0.4.11/jsonassert-0.4.11.jar:/Users/danielocean/.m2/repository/org/codehaus/groovy/groovy/2.4.15/groovy-2.4.15.jar:/Users/danielocean/.m2/repository/org/codehaus/groovy/groovy-nio/2.4.15/groovy-nio-2.4.15.jar:/Users/danielocean/.m2/repository/org/codehaus/groovy/groovy-json/2.4.15/groovy-json-2.4.15.jar:/Users/danielocean/.m2/repository/org/codehaus/groovy/groovy-xml/2.4.15/groovy-xml-2.4.15.jar:/Users/danielocean/.m2/repository/com/github/jknack/handlebars/4.0.6/handlebars-4.0.6.jar:/Users/danielocean/.m2/repository/org/antlr/antlr4-runtime/4.5.1-1/antlr4-runtime-4.5.1-1.jar:/Users/danielocean/.m2/repository/org/mozilla/rhino/1.7R4/rhino-1.7R4.jar:/Users/danielocean/.m2/repository/commons-beanutils/commons-beanutils/1.9.3/commons-beanutils-1.9.3.jar:/Users/danielocean/.m2/repository/commons-collections/commons-collections/3.2.2/commons-collections-3.2.2.jar:/Users/danielocean/.m2/repository/org/springframework/cloud/spring-cloud-contract-shade/1.2.4.RELEASE/spring-cloud-contract-shade-1.2.4.RELEASE.jar:/Users/danielocean/.m2/repository/org/springframework/cloud/spring-cloud-contract-spec/1.2.4.RELEASE/spring-cloud-contract-spec-1.2.4.RELEASE.jar:/Users/danielocean/.m2/repository/dk/brics/automaton/automaton/1.11-8/automaton-1.11-8.jar:/Users/danielocean/.m2/repository/org/apache/commons/commons-text/1.1/commons-text-1.1.jar:/Users/danielocean/.m2/repository/io/codearte/accurest/stub-runner/1.1.1/stub-runner-1.1.1.jar:/Users/danielocean/.m2/repository/io/codearte/accurest/accurest-core/1.1.1/accurest-core-1.1.1.jar:/Users/danielocean/.m2/repository/commons-io/commons-io/2.0/commons-io-2.0.jar:/Users/danielocean/.m2/repository/org/apache/commons/commons-lang3/3.7/commons-lang3-3.7.jar:/Users/danielocean/.m2/repository/io/codearte/accurest/accurest-messaging-core/1.1.1/accurest-messaging-core-1.1.1.jar:/Users/danielocean/.m2/repository/org/codehaus/groovy/groovy-all/2.4.15/groovy-all-2.4.15.jar:/Users/danielocean/.m2/repository/com/github/tomakehurst/wiremock/2.0.10-beta/wiremock-2.0.10-beta.jar:/Users/danielocean/.m2/repository/org/eclipse/jetty/jetty-server/9.4.10.v20180503/jetty-server-9.4.10.v20180503.jar:/Users/danielocean/.m2/repository/org/eclipse/jetty/jetty-http/9.4.10.v20180503/jetty-http-9.4.10.v20180503.jar:/Users/danielocean/.m2/repository/org/eclipse/jetty/jetty-io/9.4.10.v20180503/jetty-io-9.4.10.v20180503.jar:/Users/danielocean/.m2/repository/org/eclipse/jetty/jetty-servlet/9.4.10.v20180503/jetty-servlet-9.4.10.v20180503.jar:/Users/danielocean/.m2/repository/org/eclipse/jetty/jetty-security/9.4.10.v20180503/jetty-security-9.4.10.v20180503.jar:/Users/danielocean/.m2/repository/org/eclipse/jetty/jetty-servlets/9.4.10.v20180503/jetty-servlets-9.4.10.v20180503.jar:/Users/danielocean/.m2/repository/org/eclipse/jetty/jetty-continuation/9.4.10.v20180503/jetty-continuation-9.4.10.v20180503.jar:/Users/danielocean/.m2/repository/org/eclipse/jetty/jetty-util/9.4.10.v20180503/jetty-util-9.4.10.v20180503.jar:/Users/danielocean/.m2/repository/org/eclipse/jetty/jetty-webapp/9.4.10.v20180503/jetty-webapp-9.4.10.v20180503.jar:/Users/danielocean/.m2/repository/org/eclipse/jetty/jetty-xml/9.4.10.v20180503/jetty-xml-9.4.10.v20180503.jar:/Users/danielocean/.m2/repository/com/google/guava/guava/18.0/guava-18.0.jar:/Users/danielocean/.m2/repository/com/fasterxml/jackson/core/jackson-core/2.9.5/jackson-core-2.9.5.jar:/Users/danielocean/.m2/repository/com/fasterxml/jackson/core/jackson-annotations/2.9.0/jackson-annotations-2.9.0.jar:/Users/danielocean/.m2/repository/org/apache/httpcomponents/httpclient/4.5.5/httpclient-4.5.5.jar:/Users/danielocean/.m2/repository/org/apache/httpcomponents/httpcore/4.4.9/httpcore-4.4.9.jar:/Users/danielocean/.m2/repository/commons-codec/commons-codec/1.11/commons-codec-1.11.jar:/Users/danielocean/.m2/repository/xmlunit/xmlunit/1.6/xmlunit-1.6.jar:/Users/danielocean/.m2/repository/net/sf/jopt-simple/jopt-simple/4.9/jopt-simple-4.9.jar:/Users/danielocean/.m2/repository/javax/servlet/javax.servlet-api/3.1.0/javax.servlet-api-3.1.0.jar:/Users/danielocean/.m2/repository/args4j/args4j/2.32/args4j-2.32.jar:/Users/danielocean/.m2/repository/org/eclipse/aether/aether-api/1.0.2.v20150114/aether-api-1.0.2.v20150114.jar:/Users/danielocean/.m2/repository/org/eclipse/aether/aether-impl/1.0.2.v20150114/aether-impl-1.0.2.v20150114.jar:/Users/danielocean/.m2/repository/org/eclipse/aether/aether-spi/1.0.2.v20150114/aether-spi-1.0.2.v20150114.jar:/Users/danielocean/.m2/repository/org/eclipse/aether/aether-util/1.0.2.v20150114/aether-util-1.0.2.v20150114.jar:/Users/danielocean/.m2/repository/org/eclipse/aether/aether-transport-file/1.0.2.v20150114/aether-transport-file-1.0.2.v20150114.jar:/Users/danielocean/.m2/repository/org/eclipse/aether/aether-transport-http/1.0.2.v20150114/aether-transport-http-1.0.2.v20150114.jar:/Users/danielocean/.m2/repository/org/slf4j/jcl-over-slf4j/1.7.25/jcl-over-slf4j-1.7.25.jar:/Users/danielocean/.m2/repository/org/eclipse/aether/aether-connector-basic/1.0.2.v20150114/aether-connector-basic-1.0.2.v20150114.jar:/Users/danielocean/.m2/repository/org/apache/maven/maven-aether-provider/3.2.1/maven-aether-provider-3.2.1.jar:/Users/danielocean/.m2/repository/org/apache/maven/maven-model/3.2.1/maven-model-3.2.1.jar:/Users/danielocean/.m2/repository/org/apache/maven/maven-model-builder/3.2.1/maven-model-builder-3.2.1.jar:/Users/danielocean/.m2/repository/org/codehaus/plexus/plexus-interpolation/1.19/plexus-interpolation-1.19.jar:/Users/danielocean/.m2/repository/org/apache/maven/maven-repository-metadata/3.2.1/maven-repository-metadata-3.2.1.jar:/Users/danielocean/.m2/repository/org/codehaus/plexus/plexus-component-annotations/1.5.5/plexus-component-annotations-1.5.5.jar:/Users/danielocean/.m2/repository/org/codehaus/plexus/plexus-utils/3.0.17/plexus-utils-3.0.17.jar:/Users/danielocean/.m2/repository/com/example/contract-rest-service/1.0/contract-rest-service-1.0.jar:, java.specification.name=Java Platform API Specification, java.class.version=52.0, sun.management.compiler=HotSpot 64-Bit Tiered Compilers, os.version=10.13.3, http.nonProxyHosts=local|*.local|169.254/16|*.169.254/16, user.home=/Users/danielocean, user.timezone=America/Los_Angeles, java.awt.printerjob=sun.lwawt.macosx.CPrinterJob, file.encoding=UTF-8, java.specification.version=1.8, java.class.path=/Users/danielocean/Documents/CHANGE_DOM/spring/client/target/test-classes:/Users/danielocean/Documents/CHANGE_DOM/spring/client/target/classes:/Users/danielocean/.m2/repository/org/springframework/boot/spring-boot-starter-web/2.0.2.RELEASE/spring-boot-starter-web-2.0.2.RELEASE.jar:/Users/danielocean/.m2/repository/org/springframework/boot/spring-boot-starter/2.0.2.RELEASE/spring-boot-starter-2.0.2.RELEASE.jar:/Users/danielocean/.m2/repository/org/springframework/boot/spring-boot/2.0.2.RELEASE/spring-boot-2.0.2.RELEASE.jar:/Users/danielocean/.m2/repository/org/springframework/boot/spring-boot-autoconfigure/2.0.2.RELEASE/spring-boot-autoconfigure-2.0.2.RELEASE.jar:/Users/danielocean/.m2/repository/org/springframework/boot/spring-boot-starter-logging/2.0.2.RELEASE/spring-boot-starter-logging-2.0.2.RELEASE.jar:/Users/danielocean/.m2/repository/ch/qos/logback/logback-classic/1.2.3/logback-classic-1.2.3.jar:/Users/danielocean/.m2/repository/ch/qos/logback/logback-core/1.2.3/logback-core-1.2.3.jar:/Users/danielocean/.m2/repository/org/apache/logging/log4j/log4j-to-slf4j/2.10.0/log4j-to-slf4j-2.10.0.jar:/Users/danielocean/.m2/repository/org/apache/logging/log4j/log4j-api/2.10.0/log4j-api-2.10.0.jar:/Users/danielocean/.m2/repository/org/slf4j/jul-to-slf4j/1.7.25/jul-to-slf4j-1.7.25.jar:/Users/danielocean/.m2/repository/javax/annotation/javax.annotation-api/1.3.2/javax.annotation-api-1.3.2.jar:/Users/danielocean/.m2/repository/org/yaml/snakeyaml/1.19/snakeyaml-1.19.jar:/Users/danielocean/.m2/repository/org/springframework/boot/spring-boot-starter-json/2.0.2.RELEASE/spring-boot-starter-json-2.0.2.RELEASE.jar:/Users/danielocean/.m2/repository/com/fasterxml/jackson/core/jackson-databind/2.9.5/jackson-databind-2.9.5.jar:/Users/danielocean/.m2/repository/com/fasterxml/jackson/datatype/jackson-datatype-jdk8/2.9.5/jackson-datatype-jdk8-2.9.5.jar:/Users/danielocean/.m2/repository/com/fasterxml/jackson/datatype/jackson-datatype-jsr310/2.9.5/jackson-datatype-jsr310-2.9.5.jar:/Users/danielocean/.m2/repository/com/fasterxml/jackson/module/jackson-module-parameter-names/2.9.5/jackson-module-parameter-names-2.9.5.jar:/Users/danielocean/.m2/repository/org/springframework/boot/spring-boot-starter-tomcat/2.0.2.RELEASE/spring-boot-starter-tomcat-2.0.2.RELEASE.jar:/Users/danielocean/.m2/repository/org/apache/tomcat/embed/tomcat-embed-core/8.5.31/tomcat-embed-core-8.5.31.jar:/Users/danielocean/.m2/repository/org/apache/tomcat/embed/tomcat-embed-el/8.5.31/tomcat-embed-el-8.5.31.jar:/Users/danielocean/.m2/repository/org/apache/tomcat/embed/tomcat-embed-websocket/8.5.31/tomcat-embed-websocket-8.5.31.jar:/Users/danielocean/.m2/repository/org/hibernate/validator/hibernate-validator/6.0.9.Final/hibernate-validator-6.0.9.Final.jar:/Users/danielocean/.m2/repository/javax/validation/validation-api/2.0.1.Final/validation-api-2.0.1.Final.jar:/Users/danielocean/.m2/repository/org/jboss/logging/jboss-logging/3.3.2.Final/jboss-logging-3.3.2.Final.jar:/Users/danielocean/.m2/repository/com/fasterxml/classmate/1.3.4/classmate-1.3.4.jar:/Users/danielocean/.m2/repository/org/springframework/spring-web/5.0.6.RELEASE/spring-web-5.0.6.RELEASE.jar:/Users/danielocean/.m2/repository/org/springframework/spring-beans/5.0.6.RELEASE/spring-beans-5.0.6.RELEASE.jar:/Users/danielocean/.m2/repository/org/springframework/spring-webmvc/5.0.6.RELEASE/spring-webmvc-5.0.6.RELEASE.jar:/Users/danielocean/.m2/repository/org/springframework/spring-aop/5.0.6.RELEASE/spring-aop-5.0.6.RELEASE.jar:/Users/danielocean/.m2/repository/org/springframework/spring-context/5.0.6.RELEASE/spring-context-5.0.6.RELEASE.jar:/Users/danielocean/.m2/repository/org/springframework/spring-expression/5.0.6.RELEASE/spring-expression-5.0.6.RELEASE.jar:/Users/danielocean/.m2/repository/org/springframework/boot/spring-boot-starter-test/2.0.2.RELEASE/spring-boot-starter-test-2.0.2.RELEASE.jar:/Users/danielocean/.m2/repository/org/springframework/boot/spring-boot-test/2.0.2.RELEASE/spring-boot-test-2.0.2.RELEASE.jar:/Users/danielocean/.m2/repository/org/springframework/boot/spring-boot-test-autoconfigure/2.0.2.RELEASE/spring-boot-test-autoconfigure-2.0.2.RELEASE.jar:/Users/danielocean/.m2/repository/com/jayway/jsonpath/json-path/2.4.0/json-path-2.4.0.jar:/Users/danielocean/.m2/repository/net/minidev/json-smart/2.3/json-smart-2.3.jar:/Users/danielocean/.m2/repository/net/minidev/accessors-smart/1.2/accessors-smart-1.2.jar:/Users/danielocean/.m2/repository/org/ow2/asm/asm/5.0.4/asm-5.0.4.jar:/Users/danielocean/.m2/repository/org/slf4j/slf4j-api/1.7.25/slf4j-api-1.7.25.jar:/Users/danielocean/.m2/repository/junit/junit/4.12/junit-4.12.jar:/Users/danielocean/.m2/repository/org/assertj/assertj-core/3.9.1/assertj-core-3.9.1.jar:/Users/danielocean/.m2/repository/org/mockito/mockito-core/2.15.0/mockito-core-2.15.0.jar:/Users/danielocean/.m2/repository/net/bytebuddy/byte-buddy/1.7.11/byte-buddy-1.7.11.jar:/Users/danielocean/.m2/repository/net/bytebuddy/byte-buddy-agent/1.7.11/byte-buddy-agent-1.7.11.jar:/Users/danielocean/.m2/repository/org/objenesis/objenesis/2.6/objenesis-2.6.jar:/Users/danielocean/.m2/repository/org/hamcrest/hamcrest-core/1.3/hamcrest-core-1.3.jar:/Users/danielocean/.m2/repository/org/hamcrest/hamcrest-library/1.3/hamcrest-library-1.3.jar:/Users/danielocean/.m2/repository/org/skyscreamer/jsonassert/1.5.0/jsonassert-1.5.0.jar:/Users/danielocean/.m2/repository/com/vaadin/external/google/android-json/0.0.20131108.vaadin1/android-json-0.0.20131108.vaadin1.jar:/Users/danielocean/.m2/repository/org/springframework/spring-core/5.0.6.RELEASE/spring-core-5.0.6.RELEASE.jar:/Users/danielocean/.m2/repository/org/springframework/spring-jcl/5.0.6.RELEASE/spring-jcl-5.0.6.RELEASE.jar:/Users/danielocean/.m2/repository/org/springframework/spring-test/5.0.6.RELEASE/spring-test-5.0.6.RELEASE.jar:/Users/danielocean/.m2/repository/org/xmlunit/xmlunit-core/2.5.1/xmlunit-core-2.5.1.jar:/Users/danielocean/.m2/repository/org/springframework/cloud/spring-cloud-contract-stub-runner/1.2.5.BUILD-SNAPSHOT/spring-cloud-contract-stub-runner-1.2.5.BUILD-SNAPSHOT.jar:/Users/danielocean/.m2/repository/org/springframework/cloud/spring-cloud-contract-verifier/1.2.4.RELEASE/spring-cloud-contract-verifier-1.2.4.RELEASE.jar:/Users/danielocean/.m2/repository/javax/inject/javax.inject/1/javax.inject-1.jar:/Users/danielocean/.m2/repository/com/github/tomakehurst/wiremock-standalone/2.15.0/wiremock-standalone-2.15.0.jar:/Users/danielocean/.m2/repository/com/toomuchcoding/jsonassert/jsonassert/0.4.11/jsonassert-0.4.11.jar:/Users/danielocean/.m2/repository/org/codehaus/groovy/groovy/2.4.15/groovy-2.4.15.jar:/Users/danielocean/.m2/repository/org/codehaus/groovy/groovy-nio/2.4.15/groovy-nio-2.4.15.jar:/Users/danielocean/.m2/repository/org/codehaus/groovy/groovy-json/2.4.15/groovy-json-2.4.15.jar:/Users/danielocean/.m2/repository/org/codehaus/groovy/groovy-xml/2.4.15/groovy-xml-2.4.15.jar:/Users/danielocean/.m2/repository/com/github/jknack/handlebars/4.0.6/handlebars-4.0.6.jar:/Users/danielocean/.m2/repository/org/antlr/antlr4-runtime/4.5.1-1/antlr4-runtime-4.5.1-1.jar:/Users/danielocean/.m2/repository/org/mozilla/rhino/1.7R4/rhino-1.7R4.jar:/Users/danielocean/.m2/repository/commons-beanutils/commons-beanutils/1.9.3/commons-beanutils-1.9.3.jar:/Users/danielocean/.m2/repository/commons-collections/commons-collections/3.2.2/commons-collections-3.2.2.jar:/Users/danielocean/.m2/repository/org/springframework/cloud/spring-cloud-contract-shade/1.2.4.RELEASE/spring-cloud-contract-shade-1.2.4.RELEASE.jar:/Users/danielocean/.m2/repository/org/springframework/cloud/spring-cloud-contract-spec/1.2.4.RELEASE/spring-cloud-contract-spec-1.2.4.RELEASE.jar:/Users/danielocean/.m2/repository/dk/brics/automaton/automaton/1.11-8/automaton-1.11-8.jar:/Users/danielocean/.m2/repository/org/apache/commons/commons-text/1.1/commons-text-1.1.jar:/Users/danielocean/.m2/repository/io/codearte/accurest/stub-runner/1.1.1/stub-runner-1.1.1.jar:/Users/danielocean/.m2/repository/io/codearte/accurest/accurest-core/1.1.1/accurest-core-1.1.1.jar:/Users/danielocean/.m2/repository/commons-io/commons-io/2.0/commons-io-2.0.jar:/Users/danielocean/.m2/repository/org/apache/commons/commons-lang3/3.7/commons-lang3-3.7.jar:/Users/danielocean/.m2/repository/io/codearte/accurest/accurest-messaging-core/1.1.1/accurest-messaging-core-1.1.1.jar:/Users/danielocean/.m2/repository/org/codehaus/groovy/groovy-all/2.4.15/groovy-all-2.4.15.jar:/Users/danielocean/.m2/repository/com/github/tomakehurst/wiremock/2.0.10-beta/wiremock-2.0.10-beta.jar:/Users/danielocean/.m2/repository/org/eclipse/jetty/jetty-server/9.4.10.v20180503/jetty-server-9.4.10.v20180503.jar:/Users/danielocean/.m2/repository/org/eclipse/jetty/jetty-http/9.4.10.v20180503/jetty-http-9.4.10.v20180503.jar:/Users/danielocean/.m2/repository/org/eclipse/jetty/jetty-io/9.4.10.v20180503/jetty-io-9.4.10.v20180503.jar:/Users/danielocean/.m2/repository/org/eclipse/jetty/jetty-servlet/9.4.10.v20180503/jetty-servlet-9.4.10.v20180503.jar:/Users/danielocean/.m2/repository/org/eclipse/jetty/jetty-security/9.4.10.v20180503/jetty-security-9.4.10.v20180503.jar:/Users/danielocean/.m2/repository/org/eclipse/jetty/jetty-servlets/9.4.10.v20180503/jetty-servlets-9.4.10.v20180503.jar:/Users/danielocean/.m2/repository/org/eclipse/jetty/jetty-continuation/9.4.10.v20180503/jetty-continuation-9.4.10.v20180503.jar:/Users/danielocean/.m2/repository/org/eclipse/jetty/jetty-util/9.4.10.v20180503/jetty-util-9.4.10.v20180503.jar:/Users/danielocean/.m2/repository/org/eclipse/jetty/jetty-webapp/9.4.10.v20180503/jetty-webapp-9.4.10.v20180503.jar:/Users/danielocean/.m2/repository/org/eclipse/jetty/jetty-xml/9.4.10.v20180503/jetty-xml-9.4.10.v20180503.jar:/Users/danielocean/.m2/repository/com/google/guava/guava/18.0/guava-18.0.jar:/Users/danielocean/.m2/repository/com/fasterxml/jackson/core/jackson-core/2.9.5/jackson-core-2.9.5.jar:/Users/danielocean/.m2/repository/com/fasterxml/jackson/core/jackson-annotations/2.9.0/jackson-annotations-2.9.0.jar:/Users/danielocean/.m2/repository/org/apache/httpcomponents/httpclient/4.5.5/httpclient-4.5.5.jar:/Users/danielocean/.m2/repository/org/apache/httpcomponents/httpcore/4.4.9/httpcore-4.4.9.jar:/Users/danielocean/.m2/repository/commons-codec/commons-codec/1.11/commons-codec-1.11.jar:/Users/danielocean/.m2/repository/xmlunit/xmlunit/1.6/xmlunit-1.6.jar:/Users/danielocean/.m2/repository/net/sf/jopt-simple/jopt-simple/4.9/jopt-simple-4.9.jar:/Users/danielocean/.m2/repository/javax/servlet/javax.servlet-api/3.1.0/javax.servlet-api-3.1.0.jar:/Users/danielocean/.m2/repository/args4j/args4j/2.32/args4j-2.32.jar:/Users/danielocean/.m2/repository/org/eclipse/aether/aether-api/1.0.2.v20150114/aether-api-1.0.2.v20150114.jar:/Users/danielocean/.m2/repository/org/eclipse/aether/aether-impl/1.0.2.v20150114/aether-impl-1.0.2.v20150114.jar:/Users/danielocean/.m2/repository/org/eclipse/aether/aether-spi/1.0.2.v20150114/aether-spi-1.0.2.v20150114.jar:/Users/danielocean/.m2/repository/org/eclipse/aether/aether-util/1.0.2.v20150114/aether-util-1.0.2.v20150114.jar:/Users/danielocean/.m2/repository/org/eclipse/aether/aether-transport-file/1.0.2.v20150114/aether-transport-file-1.0.2.v20150114.jar:/Users/danielocean/.m2/repository/org/eclipse/aether/aether-transport-http/1.0.2.v20150114/aether-transport-http-1.0.2.v20150114.jar:/Users/danielocean/.m2/repository/org/slf4j/jcl-over-slf4j/1.7.25/jcl-over-slf4j-1.7.25.jar:/Users/danielocean/.m2/repository/org/eclipse/aether/aether-connector-basic/1.0.2.v20150114/aether-connector-basic-1.0.2.v20150114.jar:/Users/danielocean/.m2/repository/org/apache/maven/maven-aether-provider/3.2.1/maven-aether-provider-3.2.1.jar:/Users/danielocean/.m2/repository/org/apache/maven/maven-model/3.2.1/maven-model-3.2.1.jar:/Users/danielocean/.m2/repository/org/apache/maven/maven-model-builder/3.2.1/maven-model-builder-3.2.1.jar:/Users/danielocean/.m2/repository/org/codehaus/plexus/plexus-interpolation/1.19/plexus-interpolation-1.19.jar:/Users/danielocean/.m2/repository/org/apache/maven/maven-repository-metadata/3.2.1/maven-repository-metadata-3.2.1.jar:/Users/danielocean/.m2/repository/org/codehaus/plexus/plexus-component-annotations/1.5.5/plexus-component-annotations-1.5.5.jar:/Users/danielocean/.m2/repository/org/codehaus/plexus/plexus-utils/3.0.17/plexus-utils-3.0.17.jar:/Users/danielocean/.m2/repository/com/example/contract-rest-service/1.0/contract-rest-service-1.0.jar:, user.name=danielocean, java.vm.specification.version=1.8, sun.java.command=/Users/danielocean/Documents/CHANGE_DOM/spring/client/target/surefire/surefirebooter6937369418303662739.jar /Users/danielocean/Documents/CHANGE_DOM/spring/client/target/surefire 2018-06-07T11-55-50_214-jvmRun1 surefire8434729286383339877tmp surefire_06473103705401605318tmp, java.home=/Library/Java/JavaVirtualMachines/jdk1.8.0_144.jdk/Contents/Home/jre, sun.arch.data.model=64, user.language=en, java.specification.vendor=Oracle Corporation, awt.toolkit=sun.lwawt.macosx.LWCToolkit, java.vm.info=mixed mode, java.version=1.8.0_144, java.ext.dirs=/Users/danielocean/Library/Java/Extensions:/Library/Java/JavaVirtualMachines/jdk1.8.0_144.jdk/Contents/Home/jre/lib/ext:/Library/Java/Extensions:/Network/Library/Java/Extensions:/System/Library/Java/Extensions:/usr/lib/java, sun.boot.class.path=/Library/Java/JavaVirtualMachines/jdk1.8.0_144.jdk/Contents/Home/jre/lib/resources.jar:/Library/Java/JavaVirtualMachines/jdk1.8.0_144.jdk/Contents/Home/jre/lib/rt.jar:/Library/Java/JavaVirtualMachines/jdk1.8.0_144.jdk/Contents/Home/jre/lib/sunrsasign.jar:/Library/Java/JavaVirtualMachines/jdk1.8.0_144.jdk/Contents/Home/jre/lib/jsse.jar:/Library/Java/JavaVirtualMachines/jdk1.8.0_144.jdk/Contents/Home/jre/lib/jce.jar:/Library/Java/JavaVirtualMachines/jdk1.8.0_144.jdk/Contents/Home/jre/lib/charsets.jar:/Library/Java/JavaVirtualMachines/jdk1.8.0_144.jdk/Contents/Home/jre/lib/jfr.jar:/Library/Java/JavaVirtualMachines/jdk1.8.0_144.jdk/Contents/Home/jre/classes, java.vendor=Oracle Corporation, localRepository=/Users/danielocean/.m2/repository, file.separator=/, java.vendor.url.bug=http://bugreport.sun.com/bugreport/, sun.io.unicode.encoding=UnicodeBig, sun.cpu.endian=little, socksNonProxyHosts=local|*.local|169.254/16|*.169.254/16, ftp.nonProxyHosts=local|*.local|169.254/16|*.169.254/16, sun.cpu.isalist=}}, SystemEnvironmentPropertySource@1738236591 {name='systemEnvironment', properties={JAVA_MAIN_CLASS_6353=org.apache.maven.surefire.booter.ForkedBooter, PATH=/Library/Java/JavaVirtualMachines/jdk1.8.0_144.jdk/Contents/Home:/usr/local/apache-maven/apache-maven-3.5.0/bin:/usr/local/java-gradle/gradle-4.4.1/bin:/Applications/aavpn.app/Contents/Resources/vpin/bin:/usr/local/mysql/bin:/usr/local/bin:/usr/bin:/bin:/usr/sbin:/sbin:/Library/Frameworks/Mono.framework/Versions/Current/Commands, M2=/usr/local/apache-maven/apache-maven-3.5.0/bin, JAVA_MAIN_CLASS_6333=org.codehaus.plexus.classworlds.launcher.Launcher, JAVA_HOME=/Library/Java/JavaVirtualMachines/jdk1.8.0_144.jdk/Contents/Home, TERM=xterm-256color, LANG=en_US.UTF-8, COMMAND_MODE=unix2003, GRADLE_HOME=/usr/local/java-gradle/gradle-4.4.1/bin, ANDROID_HOME=/Users/danielocean/Library/Android/sdk, APPIUM_PATH=/usr/local/bin/appium, VPN=/Applications/aavpn.app/Contents/Resources/vpin/bin, ITERM_SESSION_ID=w0t1p0:F2C4957D-53B9-4099-8818-B1879A925211, COLORTERM=truecolor, LOGNAME=danielocean, XPC_SERVICE_NAME=0, PWD=/Users/danielocean/Documents/CHANGE_DOM/spring/client, TERM_PROGRAM_VERSION=3.1.6, MAVEN_CMD_LINE_ARGS= test, _=/Library/Java/JavaVirtualMachines/jdk1.8.0_144.jdk/Contents/Home/jre/bin/java, SAUCE_ACCESS_KEY=8c8d82a8-4ebb-46c9-bb26-e1a1fd8f816b, SHELL=/usr/local/bin/zsh, MYSQL=/usr/local/mysql/bin, TERM_PROGRAM=iTerm.app, PAGER=less, LSCOLORS=Gxfxcxdxbxegedabagacad, MAVEN_PROJECTBASEDIR=/Users/danielocean/Documents/CHANGE_DOM/spring/client, OLDPWD=/Users/danielocean/Documents/CHANGE_DOM/spring/client, SECURITYSESSIONID=186a9, USER=danielocean, APPIUM_HOME=http://localhost:4723/wd/hub, ZSH=/Users/danielocean/.oh-my-zsh, ITERM_PROFILE=Default, TMPDIR=/var/folders/y3/qyzgw22s3s1b8fc71ryzyvw80000gn/T/, SAUCE_USERNAME=ChangeDomain, SSH_AUTH_SOCK=/private/tmp/com.apple.launchd.bPyehQ8jCX/Listeners, XPC_FLAGS=0x0, TERM_SESSION_ID=w0t1p0:F2C4957D-53B9-4099-8818-B1879A925211, M2_HOME=/usr/local/apache-maven/apache-maven-3.5.0, __CF_USER_TEXT_ENCODING=0x1F5:0x0:0x0, Apple_PubSub_Socket_Render=/private/tmp/com.apple.launchd.tNuer6yFGF/Render, LESS=-R, LC_CTYPE=en_US.UTF-8, COLORFGBG=7;0, SHLVL=2, HOME=/Users/danielocean}}]
11:55:50.891 [main] DEBUG org.springframework.core.io.support.PathMatchingResourcePatternResolver - Resolved classpath location [hello/] to resources [URL [file:/Users/danielocean/Documents/CHANGE_DOM/spring/client/target/test-classes/hello/], URL [file:/Users/danielocean/Documents/CHANGE_DOM/spring/client/target/classes/hello/], URL [jar:file:/Users/danielocean/.m2/repository/com/example/contract-rest-service/1.0/contract-rest-service-1.0.jar!/hello/]]
11:55:50.891 [main] DEBUG org.springframework.core.io.support.PathMatchingResourcePatternResolver - Looking for matching resources in directory tree [/Users/danielocean/Documents/CHANGE_DOM/spring/client/target/test-classes/hello]
11:55:50.892 [main] DEBUG org.springframework.core.io.support.PathMatchingResourcePatternResolver - Searching directory [/Users/danielocean/Documents/CHANGE_DOM/spring/client/target/test-classes/hello] for files matching pattern [/Users/danielocean/Documents/CHANGE_DOM/spring/client/target/test-classes/hello/*.class]
11:55:50.894 [main] DEBUG org.springframework.core.io.support.PathMatchingResourcePatternResolver - Looking for matching resources in directory tree [/Users/danielocean/Documents/CHANGE_DOM/spring/client/target/classes/hello]
11:55:50.894 [main] DEBUG org.springframework.core.io.support.PathMatchingResourcePatternResolver - Searching directory [/Users/danielocean/Documents/CHANGE_DOM/spring/client/target/classes/hello] for files matching pattern [/Users/danielocean/Documents/CHANGE_DOM/spring/client/target/classes/hello/*.class]
11:55:50.895 [main] DEBUG org.springframework.core.io.support.PathMatchingResourcePatternResolver - Looking for matching resources in jar file [file:/Users/danielocean/.m2/repository/com/example/contract-rest-service/1.0/contract-rest-service-1.0.jar]
11:55:50.895 [main] DEBUG org.springframework.core.io.support.PathMatchingResourcePatternResolver - Resolved location pattern [classpath*:hello/*.class] to resources [file [/Users/danielocean/Documents/CHANGE_DOM/spring/client/target/test-classes/hello/ContractRestClientApplicationTest.class], file [/Users/danielocean/Documents/CHANGE_DOM/spring/client/target/classes/hello/ContractRestClientApplication.class], file [/Users/danielocean/Documents/CHANGE_DOM/spring/client/target/classes/hello/MessageRestController.class], URL [jar:file:/Users/danielocean/.m2/repository/com/example/contract-rest-service/1.0/contract-rest-service-1.0.jar!/hello/PersonRestController.class], URL [jar:file:/Users/danielocean/.m2/repository/com/example/contract-rest-service/1.0/contract-rest-service-1.0.jar!/hello/ContractRestServiceApplication.class], URL [jar:file:/Users/danielocean/.m2/repository/com/example/contract-rest-service/1.0/contract-rest-service-1.0.jar!/hello/PersonService.class], URL [jar:file:/Users/danielocean/.m2/repository/com/example/contract-rest-service/1.0/contract-rest-service-1.0.jar!/hello/Person.class]]
11:55:50.952 [main] DEBUG org.springframework.context.annotation.ClassPathScanningCandidateComponentProvider - Identified candidate component class: file [/Users/danielocean/Documents/CHANGE_DOM/spring/client/target/classes/hello/ContractRestClientApplication.class]
11:55:50.965 [main] DEBUG org.springframework.context.annotation.ClassPathScanningCandidateComponentProvider - Identified candidate component class: URL [jar:file:/Users/danielocean/.m2/repository/com/example/contract-rest-service/1.0/contract-rest-service-1.0.jar!/hello/ContractRestServiceApplication.class]
]]></system-out>
  </testcase>
</testsuite>